Build started 12/13/2012 2:52:27 AM.
     1>Project "C:\Users\Craig\Documents\GitHub\warp\warp-master\Warp-VertexShader\Warp\Warp.vcxproj" on node 2 (build target(s)).
     1>InitializeBuildStatus:
         Creating "Debug\Warp.unsuccessfulbuild" because "AlwaysCreate" was specified.
       ClCompile:
         C:\Program Files (x86)\Microsoft Visual Studio 10.0\VC\bin\CL.exe /c /I"C:\Program Files (x86)\FreeGLUT\include" /I"C:\Program Files (x86)\glm-0.9.3.4" /I"C:\Program Files (x86)\glew-1.7.0\include" /I"C:\Program Files (x86)\DevIL-1.7.8\include" /ZI /nologo /W3 /WX- /Od /Oy- /D WIN32 /D _DEBUG /D _CONSOLE /D _UNICODE /D UNICODE /Gm /EHsc /RTC1 /MDd /GS /fp:precise /Zc:wchar_t /Zc:forScope /Fo"Debug\\" /Fd"Debug\vc100.pdb" /Gd /TP /analyze- /errorReport:prompt main.cpp
         main.cpp
     1>c:\users\craig\documents\github\warp\warp-master\warp-vertexshader\warp\main.cpp(281): warning C4018: '<' : signed/unsigned mismatch
       ManifestResourceCompile:
         All outputs are up-to-date.
       Link:
         C:\Program Files (x86)\Microsoft Visual Studio 10.0\VC\bin\link.exe /ERRORREPORT:PROMPT /OUT:"C:\Users\Craig\Documents\GitHub\warp\warp-master\Warp-VertexShader\Debug\Warp.exe" /INCREMENTAL /NOLOGO /LIBPATH:"C:\Program Files (x86)\DevIL-1.7.8\lib" /LIBPATH:"C:\Program Files (x86)\glew-1.7.0\lib" /LIBPATH:"C:\Program Files (x86)\FreeGLUT\lib" glew32.lib DevIL.lib ilu.lib ilut.lib kernel32.lib user32.lib gdi32.lib winspool.lib comdlg32.lib advapi32.lib shell32.lib ole32.lib oleaut32.lib uuid.lib odbc32.lib odbccp32.lib /MANIFEST /ManifestFile:"Debug\Warp.exe.intermediate.manifest" /MANIFESTUAC:"level='asInvoker' uiAccess='false'" /DEBUG /PDB:"C:\Users\Craig\Documents\GitHub\warp\warp-master\Warp-VertexShader\Debug\Warp.pdb" /SUBSYSTEM:CONSOLE /TLBID:1 /DYNAMICBASE /NXCOMPAT /IMPLIB:"C:\Users\Craig\Documents\GitHub\warp\warp-master\Warp-VertexShader\Debug\Warp.lib" /MACHINE:X86 Debug\Warp.exe.embed.manifest.res
         Debug\ADSShader.obj
         Debug\bowl.obj
         Debug\fbo.obj
         Debug\globals.obj
         Debug\main.obj
         Debug\shader.obj
       Manifest:
         C:\Program Files (x86)\Microsoft SDKs\Windows\v7.0A\bin\mt.exe /nologo /verbose /out:"Debug\Warp.exe.embed.manifest" /manifest Debug\Warp.exe.intermediate.manifest
         All outputs are up-to-date.
       LinkEmbedManifest:
         All outputs are up-to-date.
         Warp.vcxproj -> C:\Users\Craig\Documents\GitHub\warp\warp-master\Warp-VertexShader\Debug\Warp.exe
       FinalizeBuildStatus:
         Deleting file "Debug\Warp.unsuccessfulbuild".
         Touching "Debug\Warp.lastbuildstate".
     1>Done Building Project "C:\Users\Craig\Documents\GitHub\warp\warp-master\Warp-VertexShader\Warp\Warp.vcxproj" (build target(s)).

Build succeeded.

Time Elapsed 00:00:01.29
