\\WFS1\USERS$\CDAY\DESKTOP\WARP\DEBUG\WARP.EXE
\\WFS1\USERS$\CDAY\DESKTOP\WARP\DEBUG\WARP.ILK
\\WFS1\USERS$\CDAY\DESKTOP\WARP\DEBUG\WARP.PDB
\\wfs1\users$\cday\Desktop\Warp\Warp\Debug\cl.command.1.tlog
\\wfs1\users$\cday\Desktop\Warp\Warp\Debug\CL.read.1.tlog
\\wfs1\users$\cday\Desktop\Warp\Warp\Debug\CL.write.1.tlog
\\WFS1\USERS$\CDAY\DESKTOP\WARP\WARP\DEBUG\FBO.OBJ
\\WFS1\USERS$\CDAY\DESKTOP\WARP\WARP\DEBUG\GLOBALS.OBJ
\\WFS1\USERS$\CDAY\DESKTOP\WARP\WARP\DEBUG\IMAGECONTAINER.OBJ
\\wfs1\users$\cday\Desktop\Warp\Warp\Debug\link.1212.read.1.tlog
\\wfs1\users$\cday\Desktop\Warp\Warp\Debug\link.1212.write.1.tlog
\\wfs1\users$\cday\Desktop\Warp\Warp\Debug\link.1212-cvtres.read.1.tlog
\\wfs1\users$\cday\Desktop\Warp\Warp\Debug\link.1212-cvtres.write.1.tlog
\\wfs1\users$\cday\Desktop\Warp\Warp\Debug\link.1260.read.1.tlog
\\wfs1\users$\cday\Desktop\Warp\Warp\Debug\link.1260.write.1.tlog
\\wfs1\users$\cday\Desktop\Warp\Warp\Debug\link.1260-cvtres.read.1.tlog
\\wfs1\users$\cday\Desktop\Warp\Warp\Debug\link.1260-cvtres.write.1.tlog
\\wfs1\users$\cday\Desktop\Warp\Warp\Debug\link.1312.read.1.tlog
\\wfs1\users$\cday\Desktop\Warp\Warp\Debug\link.1312.write.1.tlog
\\wfs1\users$\cday\Desktop\Warp\Warp\Debug\link.1312-cvtres.read.1.tlog
\\wfs1\users$\cday\Desktop\Warp\Warp\Debug\link.1312-cvtres.write.1.tlog
\\wfs1\users$\cday\Desktop\Warp\Warp\Debug\link.1428.read.1.tlog
\\wfs1\users$\cday\Desktop\Warp\Warp\Debug\link.1428.write.1.tlog
\\wfs1\users$\cday\Desktop\Warp\Warp\Debug\link.1428-cvtres.read.1.tlog
\\wfs1\users$\cday\Desktop\Warp\Warp\Debug\link.1428-cvtres.write.1.tlog
\\wfs1\users$\cday\Desktop\Warp\Warp\Debug\link.3732.read.1.tlog
\\wfs1\users$\cday\Desktop\Warp\Warp\Debug\link.3732.write.1.tlog
\\wfs1\users$\cday\Desktop\Warp\Warp\Debug\link.3732-cvtres.read.1.tlog
\\wfs1\users$\cday\Desktop\Warp\Warp\Debug\link.3732-cvtres.write.1.tlog
\\wfs1\users$\cday\Desktop\Warp\Warp\Debug\link.3812.read.1.tlog
\\wfs1\users$\cday\Desktop\Warp\Warp\Debug\link.3812.write.1.tlog
\\wfs1\users$\cday\Desktop\Warp\Warp\Debug\link.3812-cvtres.read.1.tlog
\\wfs1\users$\cday\Desktop\Warp\Warp\Debug\link.3812-cvtres.write.1.tlog
\\wfs1\users$\cday\Desktop\Warp\Warp\Debug\link.4144.read.1.tlog
\\wfs1\users$\cday\Desktop\Warp\Warp\Debug\link.4144.write.1.tlog
\\wfs1\users$\cday\Desktop\Warp\Warp\Debug\link.4144-cvtres.read.1.tlog
\\wfs1\users$\cday\Desktop\Warp\Warp\Debug\link.4144-cvtres.write.1.tlog
\\wfs1\users$\cday\Desktop\Warp\Warp\Debug\link.4424.read.1.tlog
\\wfs1\users$\cday\Desktop\Warp\Warp\Debug\link.4424.write.1.tlog
\\wfs1\users$\cday\Desktop\Warp\Warp\Debug\link.4424-cvtres.read.1.tlog
\\wfs1\users$\cday\Desktop\Warp\Warp\Debug\link.4424-cvtres.write.1.tlog
\\wfs1\users$\cday\Desktop\Warp\Warp\Debug\link.4548.read.1.tlog
\\wfs1\users$\cday\Desktop\Warp\Warp\Debug\link.4548.write.1.tlog
\\wfs1\users$\cday\Desktop\Warp\Warp\Debug\link.4548-cvtres.read.1.tlog
\\wfs1\users$\cday\Desktop\Warp\Warp\Debug\link.4548-cvtres.write.1.tlog
\\wfs1\users$\cday\Desktop\Warp\Warp\Debug\link.4664.read.1.tlog
\\wfs1\users$\cday\Desktop\Warp\Warp\Debug\link.4664.write.1.tlog
\\wfs1\users$\cday\Desktop\Warp\Warp\Debug\link.4664-cvtres.read.1.tlog
\\wfs1\users$\cday\Desktop\Warp\Warp\Debug\link.4664-cvtres.write.1.tlog
\\wfs1\users$\cday\Desktop\Warp\Warp\Debug\link.5700.read.1.tlog
\\wfs1\users$\cday\Desktop\Warp\Warp\Debug\link.5700.write.1.tlog
\\wfs1\users$\cday\Desktop\Warp\Warp\Debug\link.5700-cvtres.read.1.tlog
\\wfs1\users$\cday\Desktop\Warp\Warp\Debug\link.5700-cvtres.write.1.tlog
\\wfs1\users$\cday\Desktop\Warp\Warp\Debug\link.5804.read.1.tlog
\\wfs1\users$\cday\Desktop\Warp\Warp\Debug\link.5804.write.1.tlog
\\wfs1\users$\cday\Desktop\Warp\Warp\Debug\link.5804-cvtres.read.1.tlog
\\wfs1\users$\cday\Desktop\Warp\Warp\Debug\link.5804-cvtres.write.1.tlog
\\wfs1\users$\cday\Desktop\Warp\Warp\Debug\link.5908.read.1.tlog
\\wfs1\users$\cday\Desktop\Warp\Warp\Debug\link.5908.write.1.tlog
\\wfs1\users$\cday\Desktop\Warp\Warp\Debug\link.5908-cvtres.read.1.tlog
\\wfs1\users$\cday\Desktop\Warp\Warp\Debug\link.5908-cvtres.write.1.tlog
\\wfs1\users$\cday\Desktop\Warp\Warp\Debug\link.5956.read.1.tlog
\\wfs1\users$\cday\Desktop\Warp\Warp\Debug\link.5956.write.1.tlog
\\wfs1\users$\cday\Desktop\Warp\Warp\Debug\link.5956-cvtres.read.1.tlog
\\wfs1\users$\cday\Desktop\Warp\Warp\Debug\link.5956-cvtres.write.1.tlog
\\wfs1\users$\cday\Desktop\Warp\Warp\Debug\link.860.read.1.tlog
\\wfs1\users$\cday\Desktop\Warp\Warp\Debug\link.860.write.1.tlog
\\wfs1\users$\cday\Desktop\Warp\Warp\Debug\link.860-cvtres.read.1.tlog
\\wfs1\users$\cday\Desktop\Warp\Warp\Debug\link.860-cvtres.write.1.tlog
\\wfs1\users$\cday\Desktop\Warp\Warp\Debug\link.command.1.tlog
\\wfs1\users$\cday\Desktop\Warp\Warp\Debug\link.read.1.tlog
\\wfs1\users$\cday\Desktop\Warp\Warp\Debug\link.write.1.tlog
\\wfs1\users$\cday\Desktop\Warp\Warp\Debug\link-cvtres.read.1.tlog
\\wfs1\users$\cday\Desktop\Warp\Warp\Debug\link-cvtres.write.1.tlog
\\WFS1\USERS$\CDAY\DESKTOP\WARP\WARP\DEBUG\MAIN.OBJ
\\wfs1\users$\cday\Desktop\Warp\Warp\Debug\mt.command.1.tlog
\\wfs1\users$\cday\Desktop\Warp\Warp\Debug\mt.read.1.tlog
\\wfs1\users$\cday\Desktop\Warp\Warp\Debug\mt.write.1.tlog
\\wfs1\users$\cday\Desktop\Warp\Warp\Debug\rc.command.1.tlog
\\wfs1\users$\cday\Desktop\Warp\Warp\Debug\rc.read.1.tlog
\\wfs1\users$\cday\Desktop\Warp\Warp\Debug\rc.write.1.tlog
\\WFS1\USERS$\CDAY\DESKTOP\WARP\WARP\DEBUG\SHADER.OBJ
\\wfs1\users$\cday\Desktop\Warp\Warp\Debug\vc100.idb
\\WFS1\USERS$\CDAY\DESKTOP\WARP\WARP\DEBUG\VC100.PDB
\\wfs1\users$\cday\Desktop\Warp\Warp\Debug\Warp.exe.embed.manifest
\\WFS1\USERS$\CDAY\DESKTOP\WARP\WARP\DEBUG\WARP.EXE.EMBED.MANIFEST.RES
\\WFS1\USERS$\CDAY\DESKTOP\WARP\WARP\DEBUG\WARP.EXE.INTERMEDIATE.MANIFEST
\\wfs1\users$\cday\Desktop\Warp\Warp\Debug\Warp_manifest.rc
